clang: warning: -lcomelang2-str: 'linker' input unused [-Wunused-command-line-argument]
clang: warning: -lpcre: 'linker' input unused [-Wunused-command-line-argument]
clang: warning: -lreadline: 'linker' input unused [-Wunused-command-line-argument]
main.c.c:442:11: warning: duplicate 'short' declaration specifier [-Wduplicate-decl-specifier]
    short short* p;
          ^~~~~
main.c.c:848:15: warning: duplicate 'short' declaration specifier [-Wduplicate-decl-specifier]
typedef short short __s16;
              ^~~~~~
main.c.c:2087:5: warning: incompatible redeclaration of library function 'snprintf' [-Wincompatible-library-redeclaration]
int snprintf(char* __s, long int __maxlen, const char* __format, ...);
    ^
main.c.c:2087:5: note: 'snprintf' is a builtin with type 'int (char *, unsigned long, const char *, ...)'
main.c.c:2089:5: warning: incompatible redeclaration of library function 'vsnprintf' [-Wincompatible-library-redeclaration]
int vsnprintf(char* __s, long int __maxlen, const char* __format, va_list __arg);
    ^
main.c.c:2089:5: note: 'vsnprintf' is a builtin with type 'int (char *, unsigned long, const char *, __builtin_va_list)'
main.c.c:2169:10: warning: incompatible redeclaration of library function 'fread' [-Wincompatible-library-redeclaration]
long int fread(void* __ptr, long int __size, long int __n, struct _IO_FILE* __stream);
         ^
main.c.c:2169:10: note: 'fread' is a builtin with type 'unsigned long (void *, unsigned long, unsigned long, FILE *)' (aka 'unsigned long (void *, unsigned long, unsigned long, struct _IO_FILE *)')
main.c.c:2171:10: warning: incompatible redeclaration of library function 'fwrite' [-Wincompatible-library-redeclaration]
long int fwrite(const void* __ptr, long int __size, long int __n, struct _IO_FILE* __s);
         ^
main.c.c:2171:10: note: 'fwrite' is a builtin with type 'unsigned long (const void *, unsigned long, unsigned long, FILE *)' (aka 'unsigned long (const void *, unsigned long, unsigned long, struct _IO_FILE *)')
main.c.c:2385:7: warning: incompatible redeclaration of library function 'malloc' [-Wincompatible-library-redeclaration]
void* malloc(long int __size);
      ^
main.c.c:2385:7: note: 'malloc' is a builtin with type 'void *(unsigned long)'
main.c.c:2387:7: warning: incompatible redeclaration of library function 'calloc' [-Wincompatible-library-redeclaration]
void* calloc(long int __nmemb, long int __size);
      ^
main.c.c:2387:7: note: 'calloc' is a builtin with type 'void *(unsigned long, unsigned long)'
main.c.c:2389:7: warning: incompatible redeclaration of library function 'realloc' [-Wincompatible-library-redeclaration]
void* realloc(void* __ptr, long int __size);
      ^
main.c.c:2389:7: note: 'realloc' is a builtin with type 'void *(void *, unsigned long)'
main.c.c:2395:7: warning: incompatible redeclaration of library function 'alloca' [-Wincompatible-library-redeclaration]
void* alloca(long int __size);
      ^
main.c.c:2395:7: note: 'alloca' is a builtin with type 'void *(unsigned long)'
main.c.c:2401:7: warning: incompatible redeclaration of library function 'aligned_alloc' [-Wincompatible-library-redeclaration]
void* aligned_alloc(long int __alignment, long int __size);
      ^
main.c.c:2401:7: note: 'aligned_alloc' is a builtin with type 'void *(unsigned long, unsigned long)'
main.c.c:2521:7: warning: incompatible redeclaration of library function 'memcpy' [-Wincompatible-library-redeclaration]
void* memcpy(void* __dest, const void* __src, long int __n);
      ^
main.c.c:2521:7: note: 'memcpy' is a builtin with type 'void *(void *, const void *, unsigned long)'
main.c.c:2523:7: warning: incompatible redeclaration of library function 'memmove' [-Wincompatible-library-redeclaration]
void* memmove(void* __dest, const void* __src, long int __n);
      ^
main.c.c:2523:7: note: 'memmove' is a builtin with type 'void *(void *, const void *, unsigned long)'
main.c.c:2525:7: warning: incompatible redeclaration of library function 'memccpy' [-Wincompatible-library-redeclaration]
void* memccpy(void* __dest, const void* __src, int __c, long int __n);
      ^
main.c.c:2525:7: note: 'memccpy' is a builtin with type 'void *(void *, const void *, int, unsigned long)'
main.c.c:2527:7: warning: incompatible redeclaration of library function 'memset' [-Wincompatible-library-redeclaration]
void* memset(void* __s, int __c, long int __n);
      ^
main.c.c:2527:7: note: 'memset' is a builtin with type 'void *(void *, int, unsigned long)'
main.c.c:2529:5: warning: incompatible redeclaration of library function 'memcmp' [-Wincompatible-library-redeclaration]
int memcmp(const void* __s1, const void* __s2, long int __n);
    ^
main.c.c:2529:5: note: 'memcmp' is a builtin with type 'int (const void *, const void *, unsigned long)'
main.c.c:2533:7: warning: incompatible redeclaration of library function 'memchr' [-Wincompatible-library-redeclaration]
void* memchr(const void* __s, int __c, long int __n);
      ^
main.c.c:2533:7: note: 'memchr' is a builtin with type 'void *(const void *, int, unsigned long)'
main.c.c:2541:7: warning: incompatible redeclaration of library function 'strncpy' [-Wincompatible-library-redeclaration]
char* strncpy(char* __dest, const char* __src, long int __n);
      ^
main.c.c:2541:7: note: 'strncpy' is a builtin with type 'char *(char *, const char *, unsigned long)'
main.c.c:2545:7: warning: incompatible redeclaration of library function 'strncat' [-Wincompatible-library-redeclaration]
char* strncat(char* __dest, const char* __src, long int __n);
      ^
main.c.c:2545:7: note: 'strncat' is a builtin with type 'char *(char *, const char *, unsigned long)'
main.c.c:2549:5: warning: incompatible redeclaration of library function 'strncmp' [-Wincompatible-library-redeclaration]
int strncmp(const char* __s1, const char* __s2, long int __n);
    ^
main.c.c:2549:5: note: 'strncmp' is a builtin with type 'int (const char *, const char *, unsigned long)'
main.c.c:2553:10: warning: incompatible redeclaration of library function 'strxfrm' [-Wincompatible-library-redeclaration]
long int strxfrm(char* __dest, const char* __src, long int __n);
         ^
main.c.c:2553:10: note: 'strxfrm' is a builtin with type 'unsigned long (char *, const char *, unsigned long)'
main.c.c:2561:7: warning: incompatible redeclaration of library function 'strndup' [-Wincompatible-library-redeclaration]
char* strndup(const char* __string, long int __n);
      ^
main.c.c:2561:7: note: 'strndup' is a builtin with type 'char *(const char *, unsigned long)'
main.c.c:2569:10: warning: incompatible redeclaration of library function 'strcspn' [-Wincompatible-library-redeclaration]
long int strcspn(const char* __s, const char* __reject);
         ^
main.c.c:2569:10: note: 'strcspn' is a builtin with type 'unsigned long (const char *, const char *)'
main.c.c:2571:10: warning: incompatible redeclaration of library function 'strspn' [-Wincompatible-library-redeclaration]
long int strspn(const char* __s, const char* __accept);
         ^
main.c.c:2571:10: note: 'strspn' is a builtin with type 'unsigned long (const char *, const char *)'
main.c.c:2589:7: warning: incompatible redeclaration of library function 'mempcpy' [-Wincompatible-library-redeclaration]
void* mempcpy(void* __dest, const void* __src, long int __n);
      ^
main.c.c:2589:7: note: 'mempcpy' is a builtin with type 'void *(void *, const void *, unsigned long)'
main.c.c:2591:10: warning: incompatible redeclaration of library function 'strlen' [-Wincompatible-library-redeclaration]
long int strlen(const char* __s);
         ^
main.c.c:2591:10: note: 'strlen' is a builtin with type 'unsigned long (const char *)'
main.c.c:2605:5: warning: incompatible redeclaration of library function 'bcmp' [-Wincompatible-library-redeclaration]
int bcmp(const void* __s1, const void* __s2, long int __n);
    ^
main.c.c:2605:5: note: 'bcmp' is a builtin with type 'int (const void *, const void *, unsigned long)'
main.c.c:2609:6: warning: incompatible redeclaration of library function 'bzero' [-Wincompatible-library-redeclaration]
void bzero(void* __s, long int __n);
     ^
main.c.c:2609:6: note: 'bzero' is a builtin with type 'void (void *, unsigned long)'
main.c.c:2623:5: warning: incompatible redeclaration of library function 'strncasecmp' [-Wincompatible-library-redeclaration]
int strncasecmp(const char* __s1, const char* __s2, long int __n);
    ^
main.c.c:2623:5: note: 'strncasecmp' is a builtin with type 'int (const char *, const char *, unsigned long)'
main.c.c:2645:7: warning: incompatible redeclaration of library function 'stpncpy' [-Wincompatible-library-redeclaration]
char* stpncpy(char* __dest, const char* __src, long int __n);
      ^
main.c.c:2645:7: note: 'stpncpy' is a builtin with type 'char *(char *, const char *, unsigned long)'
main.c.c:2733:63: warning: duplicate 'short' declaration specifier [-Wduplicate-decl-specifier]
struct buffer* buffer_append_short(struct buffer* self, short short value);
                                                              ^~~~~~
main.c.c:2755:26: warning: duplicate 'short' declaration specifier [-Wduplicate-decl-specifier]
_Bool short_equals(short short self, short short right);
                         ^~~~~~
main.c.c:2755:44: warning: duplicate 'short' declaration specifier [-Wduplicate-decl-specifier]
_Bool short_equals(short short self, short short right);
                                           ^~~~~~
main.c.c:2789:39: warning: duplicate 'short' declaration specifier [-Wduplicate-decl-specifier]
unsigned int short_get_hash_key(short short value);
                                      ^~~~~~
main.c.c:2809:29: warning: duplicate 'short' declaration specifier [-Wduplicate-decl-specifier]
short int short_clone(short short self);
                            ^~~~~~
main.c.c:2885:29: warning: duplicate 'short' declaration specifier [-Wduplicate-decl-specifier]
char* short_to_string(short short self);
                            ^~~~~~
main.c.c:2905:25: warning: duplicate 'short' declaration specifier [-Wduplicate-decl-specifier]
int short_compare(short short left, short short right);
                        ^~~~~~
main.c.c:2905:43: warning: duplicate 'short' declaration specifier [-Wduplicate-decl-specifier]
int short_compare(short short left, short short right);
                                          ^~~~~~
main.c.c:3125:5: warning: incompatible redeclaration of library function 'wcsncmp' [-Wincompatible-library-redeclaration]
int wcsncmp(const unsigned int* __s1, const unsigned int* __s2, long int __n);
    ^
main.c.c:3125:5: note: 'wcsncmp' is a builtin with type 'int (const unsigned int *, const unsigned int *, unsigned long)'
main.c.c:3161:10: warning: incompatible redeclaration of library function 'wcslen' [-Wincompatible-library-redeclaration]
long int wcslen(const unsigned int* __s);
         ^
main.c.c:3161:10: note: 'wcslen' is a builtin with type 'unsigned long (const unsigned int *)'
main.c.c:3167:15: warning: incompatible redeclaration of library function 'wmemchr' [-Wincompatible-library-redeclaration]
unsigned int* wmemchr(const unsigned int* __s, unsigned int __c, long int __n);
              ^
main.c.c:3167:15: note: 'wmemchr' is a builtin with type 'unsigned int *(const unsigned int *, unsigned int, unsigned long)'
main.c.c:3169:5: warning: incompatible redeclaration of library function 'wmemcmp' [-Wincompatible-library-redeclaration]
int wmemcmp(const unsigned int* __s1, const unsigned int* __s2, long int __n);
    ^
main.c.c:3169:5: note: 'wmemcmp' is a builtin with type 'int (const unsigned int *, const unsigned int *, unsigned long)'
main.c.c:3171:15: warning: incompatible redeclaration of library function 'wmemcpy' [-Wincompatible-library-redeclaration]
unsigned int* wmemcpy(unsigned int* __s1, const unsigned int* __s2, long int __n);
              ^
main.c.c:3171:15: note: 'wmemcpy' is a builtin with type 'unsigned int *(unsigned int *, const unsigned int *, unsigned long)'
main.c.c:3173:15: warning: incompatible redeclaration of library function 'wmemmove' [-Wincompatible-library-redeclaration]
unsigned int* wmemmove(unsigned int* __s1, const unsigned int* __s2, long int __n);
              ^
main.c.c:3173:15: note: 'wmemmove' is a builtin with type 'unsigned int *(unsigned int *, const unsigned int *, unsigned long)'
main.c.c:4939:30: warning: integer literal is too large to be represented in a signed integer type, interpreting as unsigned [-Wimplicitly-unsigned-literal]
    __result3__ = ((((__bsx)&18374686479671623680)>>56)|(((__bsx)&71776119061217280)>>40)|(((__bsx)&280375465082880)>>24)|(((__bsx)&1095216660480)>>8)|(((__bsx)&4278190080)<<8)|(((__bsx)&16711680)<<24)|(((__bsx)&65280)<<40)|(((__bsx)&255)<<56));
                             ^
main.c.c:5068:113: warning: duplicate 'short' declaration specifier [-Wduplicate-decl-specifier]
    ((struct smart_pointer$1short*)come_null_check(result_2, "/usr/local/include/comelang2.h", 2010))->p=(short short*)((struct buffer*)come_null_check(((struct smart_pointer$1short*)come_null_check(result_2, "/usr/local/include/comelang2.h", 2010))->memory, "/usr/local/include/comelang2.h", 2010))->buf;
                                                                                                                ^~~~~
main.c.c:5983:14: warning: address of 'glob_result_9' will always evaluate to 'true' [-Wpointer-bool-conversion]
        if((&glob_result_9) && !__freed_obj__) { come_call_finalizer(glob_t_finalize,(&glob_result_9), (void*)0, (void*)0, 1, 0, 0, 0); }
             ^~~~~~~~~~~~~  ~~
main.c.c:6023:10: warning: address of 'glob_result_9' will always evaluate to 'true' [-Wpointer-bool-conversion]
    if((&glob_result_9) && !__freed_obj__) { come_call_finalizer(glob_t_finalize,(&glob_result_9), (void*)0, (void*)0, 1, 0, 0, 0); }
         ^~~~~~~~~~~~~  ~~
main.c.c:6027:10: warning: address of 'glob_result_9' will always evaluate to 'true' [-Wpointer-bool-conversion]
    if((&glob_result_9) && !__freed_obj__) { come_call_finalizer(glob_t_finalize,(&glob_result_9), (void*)0, (void*)0, 1, 0, 0, 0); }
         ^~~~~~~~~~~~~  ~~
main.c.c:7641:22: warning: address of 'info_74' will always evaluate to 'true' [-Wpointer-bool-conversion]
                if((&info_74) && !__freed_obj__) { come_call_finalizer(sInfo_finalize,(&info_74), (void*)0, (void*)0, 1, 0, 0, 0); }
                     ^~~~~~~  ~~
main.c.c:7770:10: warning: address of 'info_74' will always evaluate to 'true' [-Wpointer-bool-conversion]
    if((&info_74) && !__freed_obj__) { come_call_finalizer(sInfo_finalize,(&info_74), (void*)0, (void*)0, 1, 0, 0, 0); }
         ^~~~~~~  ~~
main.c.c:7774:10: warning: address of 'info_74' will always evaluate to 'true' [-Wpointer-bool-conversion]
    if((&info_74) && !__freed_obj__) { come_call_finalizer(sInfo_finalize,(&info_74), (void*)0, (void*)0, 1, 0, 0, 0); }
         ^~~~~~~  ~~
main.c.c:8441:10: warning: address of 'sa_94' will always evaluate to 'true' [-Wpointer-bool-conversion]
    if((&sa_94) && !__freed_obj__) { come_call_finalizer(sigaction_finalize,(&sa_94), (void*)0, (void*)0, 1, 0, 0, 0); }
         ^~~~~  ~~
main.c.c:8560:10: warning: address of 'sigset_95' will always evaluate to 'true' [-Wpointer-bool-conversion]
    if((&sigset_95) && !__freed_obj__) { come_call_finalizer(sigset_t_finalize,(&sigset_95), (void*)0, (void*)0, 1, 0, 0, 0); }
         ^~~~~~~~~  ~~
main.c.c:8746:10: warning: address of 'sa_96' will always evaluate to 'true' [-Wpointer-bool-conversion]
    if((&sa_96) && !__freed_obj__) { come_call_finalizer(sigaction_finalize,(&sa_96), (void*)0, (void*)0, 1, 0, 0, 0); }
         ^~~~~  ~~
main.c.c:8906:10: warning: address of 'stat__101' will always evaluate to 'true' [-Wpointer-bool-conversion]
    if((&stat__101) && !__freed_obj__) { come_call_finalizer(stat_finalize,(&stat__101), (void*)0, (void*)0, 1, 0, 0, 0); }
         ^~~~~~~~~  ~~
main.c.c:9175:1: warning: non-void function does not return a value [-Wreturn-type]
}
^
main.c.c:9313:37: warning: incompatible pointer types assigning to 'char **' from 'char (*)[4096]' [-Wincompatible-pointer-types]
        __current_stack10__.cwd_115 = &cwd_115;
                                    ^ ~~~~~~~~
main.c.c:9318:32: warning: cast to smaller integer type 'int' from 'void *' [-Wvoid-pointer-to-int-cast]
                        return (int)__current_stack10__.__method_block_return_value__;
                               ^~~~~~~~~~~~~~~~~~~~~~~~~~~~~~~~~~~~~~~~~~~~~~~~~~~~~~
main.c.c:9354:41: warning: incompatible pointer types assigning to 'char **' from 'char (*)[4096]' [-Wincompatible-pointer-types]
            __current_stack11__.cwd_115 = &cwd_115;
                                        ^ ~~~~~~~~
main.c.c:9367:36: warning: cast to smaller integer type 'int' from 'void *' [-Wvoid-pointer-to-int-cast]
                            return (int)__current_stack11__.__method_block_return_value__;
                                   ^~~~~~~~~~~~~~~~~~~~~~~~~~~~~~~~~~~~~~~~~~~~~~~~~~~~~~
main.c.c:9411:37: warning: incompatible pointer types assigning to 'char **' from 'char (*)[4096]' [-Wincompatible-pointer-types]
        __current_stack12__.cwd_115 = &cwd_115;
                                    ^ ~~~~~~~~
main.c.c:9416:32: warning: cast to smaller integer type 'int' from 'void *' [-Wvoid-pointer-to-int-cast]
                        return (int)__current_stack12__.__method_block_return_value__;
                               ^~~~~~~~~~~~~~~~~~~~~~~~~~~~~~~~~~~~~~~~~~~~~~~~~~~~~~
63 warnings generated.
clang: warning: -lcomelang2-str: 'linker' input unused [-Wunused-command-line-argument]
clang: warning: -lpcre: 'linker' input unused [-Wunused-command-line-argument]
clang: warning: -lreadline: 'linker' input unused [-Wunused-command-line-argument]
main.c.c:442:11: warning: duplicate 'short' declaration specifier [-Wduplicate-decl-specifier]
    short short* p;
          ^~~~~
main.c.c:848:15: warning: duplicate 'short' declaration specifier [-Wduplicate-decl-specifier]
typedef short short __s16;
              ^~~~~~
main.c.c:2087:5: warning: incompatible redeclaration of library function 'snprintf' [-Wincompatible-library-redeclaration]
int snprintf(char* __s, long int __maxlen, const char* __format, ...);
    ^
main.c.c:2087:5: note: 'snprintf' is a builtin with type 'int (char *, unsigned long, const char *, ...)'
main.c.c:2089:5: warning: incompatible redeclaration of library function 'vsnprintf' [-Wincompatible-library-redeclaration]
int vsnprintf(char* __s, long int __maxlen, const char* __format, va_list __arg);
    ^
main.c.c:2089:5: note: 'vsnprintf' is a builtin with type 'int (char *, unsigned long, const char *, __builtin_va_list)'
main.c.c:2169:10: warning: incompatible redeclaration of library function 'fread' [-Wincompatible-library-redeclaration]
long int fread(void* __ptr, long int __size, long int __n, struct _IO_FILE* __stream);
         ^
main.c.c:2169:10: note: 'fread' is a builtin with type 'unsigned long (void *, unsigned long, unsigned long, FILE *)' (aka 'unsigned long (void *, unsigned long, unsigned long, struct _IO_FILE *)')
main.c.c:2171:10: warning: incompatible redeclaration of library function 'fwrite' [-Wincompatible-library-redeclaration]
long int fwrite(const void* __ptr, long int __size, long int __n, struct _IO_FILE* __s);
         ^
main.c.c:2171:10: note: 'fwrite' is a builtin with type 'unsigned long (const void *, unsigned long, unsigned long, FILE *)' (aka 'unsigned long (const void *, unsigned long, unsigned long, struct _IO_FILE *)')
main.c.c:2385:7: warning: incompatible redeclaration of library function 'malloc' [-Wincompatible-library-redeclaration]
void* malloc(long int __size);
      ^
main.c.c:2385:7: note: 'malloc' is a builtin with type 'void *(unsigned long)'
main.c.c:2387:7: warning: incompatible redeclaration of library function 'calloc' [-Wincompatible-library-redeclaration]
void* calloc(long int __nmemb, long int __size);
      ^
main.c.c:2387:7: note: 'calloc' is a builtin with type 'void *(unsigned long, unsigned long)'
main.c.c:2389:7: warning: incompatible redeclaration of library function 'realloc' [-Wincompatible-library-redeclaration]
void* realloc(void* __ptr, long int __size);
      ^
main.c.c:2389:7: note: 'realloc' is a builtin with type 'void *(void *, unsigned long)'
main.c.c:2395:7: warning: incompatible redeclaration of library function 'alloca' [-Wincompatible-library-redeclaration]
void* alloca(long int __size);
      ^
main.c.c:2395:7: note: 'alloca' is a builtin with type 'void *(unsigned long)'
main.c.c:2401:7: warning: incompatible redeclaration of library function 'aligned_alloc' [-Wincompatible-library-redeclaration]
void* aligned_alloc(long int __alignment, long int __size);
      ^
main.c.c:2401:7: note: 'aligned_alloc' is a builtin with type 'void *(unsigned long, unsigned long)'
main.c.c:2521:7: warning: incompatible redeclaration of library function 'memcpy' [-Wincompatible-library-redeclaration]
void* memcpy(void* __dest, const void* __src, long int __n);
      ^
main.c.c:2521:7: note: 'memcpy' is a builtin with type 'void *(void *, const void *, unsigned long)'
main.c.c:2523:7: warning: incompatible redeclaration of library function 'memmove' [-Wincompatible-library-redeclaration]
void* memmove(void* __dest, const void* __src, long int __n);
      ^
main.c.c:2523:7: note: 'memmove' is a builtin with type 'void *(void *, const void *, unsigned long)'
main.c.c:2525:7: warning: incompatible redeclaration of library function 'memccpy' [-Wincompatible-library-redeclaration]
void* memccpy(void* __dest, const void* __src, int __c, long int __n);
      ^
main.c.c:2525:7: note: 'memccpy' is a builtin with type 'void *(void *, const void *, int, unsigned long)'
main.c.c:2527:7: warning: incompatible redeclaration of library function 'memset' [-Wincompatible-library-redeclaration]
void* memset(void* __s, int __c, long int __n);
      ^
main.c.c:2527:7: note: 'memset' is a builtin with type 'void *(void *, int, unsigned long)'
main.c.c:2529:5: warning: incompatible redeclaration of library function 'memcmp' [-Wincompatible-library-redeclaration]
int memcmp(const void* __s1, const void* __s2, long int __n);
    ^
main.c.c:2529:5: note: 'memcmp' is a builtin with type 'int (const void *, const void *, unsigned long)'
main.c.c:2533:7: warning: incompatible redeclaration of library function 'memchr' [-Wincompatible-library-redeclaration]
void* memchr(const void* __s, int __c, long int __n);
      ^
main.c.c:2533:7: note: 'memchr' is a builtin with type 'void *(const void *, int, unsigned long)'
main.c.c:2541:7: warning: incompatible redeclaration of library function 'strncpy' [-Wincompatible-library-redeclaration]
char* strncpy(char* __dest, const char* __src, long int __n);
      ^
main.c.c:2541:7: note: 'strncpy' is a builtin with type 'char *(char *, const char *, unsigned long)'
main.c.c:2545:7: warning: incompatible redeclaration of library function 'strncat' [-Wincompatible-library-redeclaration]
char* strncat(char* __dest, const char* __src, long int __n);
      ^
main.c.c:2545:7: note: 'strncat' is a builtin with type 'char *(char *, const char *, unsigned long)'
main.c.c:2549:5: warning: incompatible redeclaration of library function 'strncmp' [-Wincompatible-library-redeclaration]
int strncmp(const char* __s1, const char* __s2, long int __n);
    ^
main.c.c:2549:5: note: 'strncmp' is a builtin with type 'int (const char *, const char *, unsigned long)'
main.c.c:2553:10: warning: incompatible redeclaration of library function 'strxfrm' [-Wincompatible-library-redeclaration]
long int strxfrm(char* __dest, const char* __src, long int __n);
         ^
main.c.c:2553:10: note: 'strxfrm' is a builtin with type 'unsigned long (char *, const char *, unsigned long)'
main.c.c:2561:7: warning: incompatible redeclaration of library function 'strndup' [-Wincompatible-library-redeclaration]
char* strndup(const char* __string, long int __n);
      ^
main.c.c:2561:7: note: 'strndup' is a builtin with type 'char *(const char *, unsigned long)'
main.c.c:2569:10: warning: incompatible redeclaration of library function 'strcspn' [-Wincompatible-library-redeclaration]
long int strcspn(const char* __s, const char* __reject);
         ^
main.c.c:2569:10: note: 'strcspn' is a builtin with type 'unsigned long (const char *, const char *)'
main.c.c:2571:10: warning: incompatible redeclaration of library function 'strspn' [-Wincompatible-library-redeclaration]
long int strspn(const char* __s, const char* __accept);
         ^
main.c.c:2571:10: note: 'strspn' is a builtin with type 'unsigned long (const char *, const char *)'
main.c.c:2589:7: warning: incompatible redeclaration of library function 'mempcpy' [-Wincompatible-library-redeclaration]
void* mempcpy(void* __dest, const void* __src, long int __n);
      ^
main.c.c:2589:7: note: 'mempcpy' is a builtin with type 'void *(void *, const void *, unsigned long)'
main.c.c:2591:10: warning: incompatible redeclaration of library function 'strlen' [-Wincompatible-library-redeclaration]
long int strlen(const char* __s);
         ^
main.c.c:2591:10: note: 'strlen' is a builtin with type 'unsigned long (const char *)'
main.c.c:2605:5: warning: incompatible redeclaration of library function 'bcmp' [-Wincompatible-library-redeclaration]
int bcmp(const void* __s1, const void* __s2, long int __n);
    ^
main.c.c:2605:5: note: 'bcmp' is a builtin with type 'int (const void *, const void *, unsigned long)'
main.c.c:2609:6: warning: incompatible redeclaration of library function 'bzero' [-Wincompatible-library-redeclaration]
void bzero(void* __s, long int __n);
     ^
main.c.c:2609:6: note: 'bzero' is a builtin with type 'void (void *, unsigned long)'
main.c.c:2623:5: warning: incompatible redeclaration of library function 'strncasecmp' [-Wincompatible-library-redeclaration]
int strncasecmp(const char* __s1, const char* __s2, long int __n);
    ^
main.c.c:2623:5: note: 'strncasecmp' is a builtin with type 'int (const char *, const char *, unsigned long)'
main.c.c:2645:7: warning: incompatible redeclaration of library function 'stpncpy' [-Wincompatible-library-redeclaration]
char* stpncpy(char* __dest, const char* __src, long int __n);
      ^
main.c.c:2645:7: note: 'stpncpy' is a builtin with type 'char *(char *, const char *, unsigned long)'
main.c.c:2733:63: warning: duplicate 'short' declaration specifier [-Wduplicate-decl-specifier]
struct buffer* buffer_append_short(struct buffer* self, short short value);
                                                              ^~~~~~
main.c.c:2755:26: warning: duplicate 'short' declaration specifier [-Wduplicate-decl-specifier]
_Bool short_equals(short short self, short short right);
                         ^~~~~~
main.c.c:2755:44: warning: duplicate 'short' declaration specifier [-Wduplicate-decl-specifier]
_Bool short_equals(short short self, short short right);
                                           ^~~~~~
main.c.c:2789:39: warning: duplicate 'short' declaration specifier [-Wduplicate-decl-specifier]
unsigned int short_get_hash_key(short short value);
                                      ^~~~~~
main.c.c:2809:29: warning: duplicate 'short' declaration specifier [-Wduplicate-decl-specifier]
short int short_clone(short short self);
                            ^~~~~~
main.c.c:2885:29: warning: duplicate 'short' declaration specifier [-Wduplicate-decl-specifier]
char* short_to_string(short short self);
                            ^~~~~~
main.c.c:2905:25: warning: duplicate 'short' declaration specifier [-Wduplicate-decl-specifier]
int short_compare(short short left, short short right);
                        ^~~~~~
main.c.c:2905:43: warning: duplicate 'short' declaration specifier [-Wduplicate-decl-specifier]
int short_compare(short short left, short short right);
                                          ^~~~~~
main.c.c:3125:5: warning: incompatible redeclaration of library function 'wcsncmp' [-Wincompatible-library-redeclaration]
int wcsncmp(const unsigned int* __s1, const unsigned int* __s2, long int __n);
    ^
main.c.c:3125:5: note: 'wcsncmp' is a builtin with type 'int (const unsigned int *, const unsigned int *, unsigned long)'
main.c.c:3161:10: warning: incompatible redeclaration of library function 'wcslen' [-Wincompatible-library-redeclaration]
long int wcslen(const unsigned int* __s);
         ^
main.c.c:3161:10: note: 'wcslen' is a builtin with type 'unsigned long (const unsigned int *)'
main.c.c:3167:15: warning: incompatible redeclaration of library function 'wmemchr' [-Wincompatible-library-redeclaration]
unsigned int* wmemchr(const unsigned int* __s, unsigned int __c, long int __n);
              ^
main.c.c:3167:15: note: 'wmemchr' is a builtin with type 'unsigned int *(const unsigned int *, unsigned int, unsigned long)'
main.c.c:3169:5: warning: incompatible redeclaration of library function 'wmemcmp' [-Wincompatible-library-redeclaration]
int wmemcmp(const unsigned int* __s1, const unsigned int* __s2, long int __n);
    ^
main.c.c:3169:5: note: 'wmemcmp' is a builtin with type 'int (const unsigned int *, const unsigned int *, unsigned long)'
main.c.c:3171:15: warning: incompatible redeclaration of library function 'wmemcpy' [-Wincompatible-library-redeclaration]
unsigned int* wmemcpy(unsigned int* __s1, const unsigned int* __s2, long int __n);
              ^
main.c.c:3171:15: note: 'wmemcpy' is a builtin with type 'unsigned int *(unsigned int *, const unsigned int *, unsigned long)'
main.c.c:3173:15: warning: incompatible redeclaration of library function 'wmemmove' [-Wincompatible-library-redeclaration]
unsigned int* wmemmove(unsigned int* __s1, const unsigned int* __s2, long int __n);
              ^
main.c.c:3173:15: note: 'wmemmove' is a builtin with type 'unsigned int *(unsigned int *, const unsigned int *, unsigned long)'
main.c.c:4939:30: warning: integer literal is too large to be represented in a signed integer type, interpreting as unsigned [-Wimplicitly-unsigned-literal]
    __result3__ = ((((__bsx)&18374686479671623680)>>56)|(((__bsx)&71776119061217280)>>40)|(((__bsx)&280375465082880)>>24)|(((__bsx)&1095216660480)>>8)|(((__bsx)&4278190080)<<8)|(((__bsx)&16711680)<<24)|(((__bsx)&65280)<<40)|(((__bsx)&255)<<56));
                             ^
main.c.c:5068:113: warning: duplicate 'short' declaration specifier [-Wduplicate-decl-specifier]
    ((struct smart_pointer$1short*)come_null_check(result_2, "/usr/local/include/comelang2.h", 2010))->p=(short short*)((struct buffer*)come_null_check(((struct smart_pointer$1short*)come_null_check(result_2, "/usr/local/include/comelang2.h", 2010))->memory, "/usr/local/include/comelang2.h", 2010))->buf;
                                                                                                                ^~~~~
main.c.c:5983:14: warning: address of 'glob_result_9' will always evaluate to 'true' [-Wpointer-bool-conversion]
        if((&glob_result_9) && !__freed_obj__) { come_call_finalizer(glob_t_finalize,(&glob_result_9), (void*)0, (void*)0, 1, 0, 0, 0); }
             ^~~~~~~~~~~~~  ~~
main.c.c:6023:10: warning: address of 'glob_result_9' will always evaluate to 'true' [-Wpointer-bool-conversion]
    if((&glob_result_9) && !__freed_obj__) { come_call_finalizer(glob_t_finalize,(&glob_result_9), (void*)0, (void*)0, 1, 0, 0, 0); }
         ^~~~~~~~~~~~~  ~~
main.c.c:6027:10: warning: address of 'glob_result_9' will always evaluate to 'true' [-Wpointer-bool-conversion]
    if((&glob_result_9) && !__freed_obj__) { come_call_finalizer(glob_t_finalize,(&glob_result_9), (void*)0, (void*)0, 1, 0, 0, 0); }
         ^~~~~~~~~~~~~  ~~
main.c.c:7641:22: warning: address of 'info_74' will always evaluate to 'true' [-Wpointer-bool-conversion]
                if((&info_74) && !__freed_obj__) { come_call_finalizer(sInfo_finalize,(&info_74), (void*)0, (void*)0, 1, 0, 0, 0); }
                     ^~~~~~~  ~~
main.c.c:7770:10: warning: address of 'info_74' will always evaluate to 'true' [-Wpointer-bool-conversion]
    if((&info_74) && !__freed_obj__) { come_call_finalizer(sInfo_finalize,(&info_74), (void*)0, (void*)0, 1, 0, 0, 0); }
         ^~~~~~~  ~~
main.c.c:7774:10: warning: address of 'info_74' will always evaluate to 'true' [-Wpointer-bool-conversion]
    if((&info_74) && !__freed_obj__) { come_call_finalizer(sInfo_finalize,(&info_74), (void*)0, (void*)0, 1, 0, 0, 0); }
         ^~~~~~~  ~~
main.c.c:8441:10: warning: address of 'sa_94' will always evaluate to 'true' [-Wpointer-bool-conversion]
    if((&sa_94) && !__freed_obj__) { come_call_finalizer(sigaction_finalize,(&sa_94), (void*)0, (void*)0, 1, 0, 0, 0); }
         ^~~~~  ~~
main.c.c:8560:10: warning: address of 'sigset_95' will always evaluate to 'true' [-Wpointer-bool-conversion]
    if((&sigset_95) && !__freed_obj__) { come_call_finalizer(sigset_t_finalize,(&sigset_95), (void*)0, (void*)0, 1, 0, 0, 0); }
         ^~~~~~~~~  ~~
main.c.c:8746:10: warning: address of 'sa_96' will always evaluate to 'true' [-Wpointer-bool-conversion]
    if((&sa_96) && !__freed_obj__) { come_call_finalizer(sigaction_finalize,(&sa_96), (void*)0, (void*)0, 1, 0, 0, 0); }
         ^~~~~  ~~
main.c.c:8906:10: warning: address of 'stat__101' will always evaluate to 'true' [-Wpointer-bool-conversion]
    if((&stat__101) && !__freed_obj__) { come_call_finalizer(stat_finalize,(&stat__101), (void*)0, (void*)0, 1, 0, 0, 0); }
         ^~~~~~~~~  ~~
main.c.c:9175:1: warning: non-void function does not return a value [-Wreturn-type]
}
^
main.c.c:9313:37: warning: incompatible pointer types assigning to 'char **' from 'char (*)[4096]' [-Wincompatible-pointer-types]
        __current_stack10__.cwd_115 = &cwd_115;
                                    ^ ~~~~~~~~
main.c.c:9318:32: warning: cast to smaller integer type 'int' from 'void *' [-Wvoid-pointer-to-int-cast]
                        return (int)__current_stack10__.__method_block_return_value__;
                               ^~~~~~~~~~~~~~~~~~~~~~~~~~~~~~~~~~~~~~~~~~~~~~~~~~~~~~
main.c.c:9354:41: warning: incompatible pointer types assigning to 'char **' from 'char (*)[4096]' [-Wincompatible-pointer-types]
            __current_stack11__.cwd_115 = &cwd_115;
                                        ^ ~~~~~~~~
main.c.c:9367:36: warning: cast to smaller integer type 'int' from 'void *' [-Wvoid-pointer-to-int-cast]
                            return (int)__current_stack11__.__method_block_return_value__;
                                   ^~~~~~~~~~~~~~~~~~~~~~~~~~~~~~~~~~~~~~~~~~~~~~~~~~~~~~
main.c.c:9411:37: warning: incompatible pointer types assigning to 'char **' from 'char (*)[4096]' [-Wincompatible-pointer-types]
        __current_stack12__.cwd_115 = &cwd_115;
                                    ^ ~~~~~~~~
main.c.c:9416:32: warning: cast to smaller integer type 'int' from 'void *' [-Wvoid-pointer-to-int-cast]
                        return (int)__current_stack12__.__method_block_return_value__;
                               ^~~~~~~~~~~~~~~~~~~~~~~~~~~~~~~~~~~~~~~~~~~~~~~~~~~~~~
63 warnings generated.
