This file contains any messages produced by compilers while
running configure, to aid debugging if configure makes a mistake.

It was created by configure, which was
generated by GNU Autoconf 2.71.  Invocation command line was

  $ ./configure

## --------- ##
## Platform. ##
## --------- ##

hostname = c0a6fdcbbd78
uname -m = aarch64
uname -r = 6.5.11-linuxkit
uname -s = Linux
uname -v = #1 SMP PREEMPT Wed Dec  6 17:08:31 UTC 2023

/usr/bin/uname -p = unknown
/bin/uname -X     = unknown

/bin/arch              = aarch64
/usr/bin/arch -k       = unknown
/usr/convex/getsysinfo = unknown
/usr/bin/hostinfo      = unknown
/bin/machine           = unknown
/usr/bin/oslevel       = unknown
/bin/universe          = unknown

PATH: /usr/local/sbin/
PATH: /usr/local/bin/
PATH: /usr/sbin/
PATH: /usr/bin/
PATH: /sbin/
PATH: /bin/


## ----------- ##
## Core tests. ##
## ----------- ##

configure:2272: looking for aux files: install-sh
configure:2285:  trying ./
configure:2299:   ./install.sh found
configure:2491: checking for gcc
configure:2512: found /usr/bin/gcc
configure:2523: result: gcc
configure:2876: checking for C compiler version
configure:2885: gcc --version >&5
gcc (Alpine 13.2.1_git20231014) 13.2.1 20231014
Copyright (C) 2023 Free Software Foundation, Inc.
This is free software; see the source for copying conditions.  There is NO
warranty; not even for MERCHANTABILITY or FITNESS FOR A PARTICULAR PURPOSE.

configure:2896: $? = 0
configure:2885: gcc -v >&5
Using built-in specs.
COLLECT_GCC=gcc
COLLECT_LTO_WRAPPER=/usr/libexec/gcc/aarch64-alpine-linux-musl/13.2.1/lto-wrapper
Target: aarch64-alpine-linux-musl
Configured with: /home/buildozer/aports/main/gcc/src/gcc-13-20231014/configure --prefix=/usr --mandir=/usr/share/man --infodir=/usr/share/info --build=aarch64-alpine-linux-musl --host=aarch64-alpine-linux-musl --target=aarch64-alpine-linux-musl --enable-checking=release --disable-cet --disable-fixed-point --disable-libstdcxx-pch --disable-multilib --disable-nls --disable-werror --disable-symvers --enable-__cxa_atexit --enable-default-pie --enable-default-ssp --enable-languages=c,c++,d,objc,go,fortran,ada --enable-link-serialization=2 --enable-linker-build-id --with-arch=armv8-a --with-abi=lp64 --disable-libquadmath --disable-libssp --disable-libsanitizer --enable-shared --enable-threads --enable-tls --with-bugurl=https://gitlab.alpinelinux.org/alpine/aports/-/issues --with-system-zlib --with-linker-hash-style=gnu --with-pkgversion='Alpine 13.2.1_git20231014'
Thread model: posix
Supported LTO compression algorithms: zlib
gcc version 13.2.1 20231014 (Alpine 13.2.1_git20231014) 
configure:2896: $? = 0
configure:2885: gcc -V >&5
gcc: error: unrecognized command-line option '-V'
gcc: fatal error: no input files
compilation terminated.
configure:2896: $? = 1
configure:2885: gcc -qversion >&5
gcc: error: unrecognized command-line option '-qversion'; did you mean '--version'?
gcc: fatal error: no input files
compilation terminated.
configure:2896: $? = 1
configure:2885: gcc -version >&5
gcc: error: unrecognized command-line option '-version'
gcc: fatal error: no input files
compilation terminated.
configure:2896: $? = 1
configure:2916: checking whether the C compiler works
configure:2938: gcc    conftest.c  >&5
configure:2942: $? = 0
configure:2992: result: yes
configure:2995: checking for C compiler default output file name
configure:2997: result: a.out
configure:3003: checking for suffix of executables
configure:3010: gcc -o conftest    conftest.c  >&5
configure:3014: $? = 0
configure:3037: result: 
configure:3059: checking whether we are cross compiling
configure:3067: gcc -o conftest    conftest.c  >&5
configure:3071: $? = 0
configure:3078: ./conftest
configure:3082: $? = 0
configure:3097: result: no
configure:3102: checking for suffix of object files
configure:3125: gcc -c   conftest.c >&5
configure:3129: $? = 0
configure:3151: result: o
configure:3155: checking whether the compiler supports GNU C
configure:3175: gcc -c   conftest.c >&5
configure:3175: $? = 0
configure:3185: result: yes
configure:3196: checking whether gcc accepts -g
configure:3217: gcc -c -g  conftest.c >&5
configure:3217: $? = 0
configure:3261: result: yes
configure:3281: checking for gcc option to enable C11 features
configure:3296: gcc  -c -g -O2  conftest.c >&5
configure:3296: $? = 0
configure:3314: result: none needed
configure:3440: checking for a BSD-compatible install
configure:3513: result: /usr/bin/install -c
configure:3529: checking for stdio.h
configure:3529: gcc -c -g -O2  conftest.c >&5
configure:3529: $? = 0
configure:3529: result: yes
configure:3529: checking for stdlib.h
configure:3529: gcc -c -g -O2  conftest.c >&5
configure:3529: $? = 0
configure:3529: result: yes
configure:3529: checking for string.h
configure:3529: gcc -c -g -O2  conftest.c >&5
configure:3529: $? = 0
configure:3529: result: yes
configure:3529: checking for inttypes.h
configure:3529: gcc -c -g -O2  conftest.c >&5
configure:3529: $? = 0
configure:3529: result: yes
configure:3529: checking for stdint.h
configure:3529: gcc -c -g -O2  conftest.c >&5
configure:3529: $? = 0
configure:3529: result: yes
configure:3529: checking for strings.h
configure:3529: gcc -c -g -O2  conftest.c >&5
configure:3529: $? = 0
configure:3529: result: yes
configure:3529: checking for sys/stat.h
configure:3529: gcc -c -g -O2  conftest.c >&5
configure:3529: $? = 0
configure:3529: result: yes
configure:3529: checking for sys/types.h
configure:3529: gcc -c -g -O2  conftest.c >&5
configure:3529: $? = 0
configure:3529: result: yes
configure:3529: checking for unistd.h
configure:3529: gcc -c -g -O2  conftest.c >&5
configure:3529: $? = 0
configure:3529: result: yes
configure:3554: checking whether byte ordering is bigendian
configure:3570: gcc -c -g -O2  conftest.c >&5
conftest.c:20:16: error: unknown type name 'not'
   20 |                not a universal capable compiler
      |                ^~~
conftest.c:20:22: error: expected '=', ',', ';', 'asm' or '__attribute__' before 'universal'
   20 |                not a universal capable compiler
      |                      ^~~~~~~~~
conftest.c:20:22: error: unknown type name 'universal'
configure:3570: $? = 1
configure: failed program was:
| /* confdefs.h */
| #define PACKAGE_NAME ""
| #define PACKAGE_TARNAME ""
| #define PACKAGE_VERSION ""
| #define PACKAGE_STRING ""
| #define PACKAGE_BUGREPORT ""
| #define PACKAGE_URL ""
| #define HAVE_STDIO_H 1
| #define HAVE_STDLIB_H 1
| #define HAVE_STRING_H 1
| #define HAVE_INTTYPES_H 1
| #define HAVE_STDINT_H 1
| #define HAVE_STRINGS_H 1
| #define HAVE_SYS_STAT_H 1
| #define HAVE_SYS_TYPES_H 1
| #define HAVE_UNISTD_H 1
| #define STDC_HEADERS 1
| /* end confdefs.h.  */
| #ifndef __APPLE_CC__
| 	       not a universal capable compiler
| 	     #endif
| 	     typedef int dummy;
| 
configure:3616: gcc -c -g -O2  conftest.c >&5
configure:3616: $? = 0
configure:3635: gcc -c -g -O2  conftest.c >&5
conftest.c: In function 'main':
conftest.c:26:18: error: unknown type name 'not'; did you mean 'ino_t'?
   26 |                  not big endian
      |                  ^~~
      |                  ino_t
conftest.c:26:26: error: expected '=', ',', ';', 'asm' or '__attribute__' before 'endian'
   26 |                  not big endian
      |                          ^~~~~~
configure:3635: $? = 1
configure: failed program was:
| /* confdefs.h */
| #define PACKAGE_NAME ""
| #define PACKAGE_TARNAME ""
| #define PACKAGE_VERSION ""
| #define PACKAGE_STRING ""
| #define PACKAGE_BUGREPORT ""
| #define PACKAGE_URL ""
| #define HAVE_STDIO_H 1
| #define HAVE_STDLIB_H 1
| #define HAVE_STRING_H 1
| #define HAVE_INTTYPES_H 1
| #define HAVE_STDINT_H 1
| #define HAVE_STRINGS_H 1
| #define HAVE_SYS_STAT_H 1
| #define HAVE_SYS_TYPES_H 1
| #define HAVE_UNISTD_H 1
| #define STDC_HEADERS 1
| /* end confdefs.h.  */
| #include <sys/types.h>
| 		#include <sys/param.h>
| 
| int
| main (void)
| {
| #if BYTE_ORDER != BIG_ENDIAN
| 		 not big endian
| 		#endif
| 
|   ;
|   return 0;
| }
configure:3769: result: no
configure:3821: checking CPU type
configure:3898: checking Operating System
configure:3927: checking for main in -ldl
configure:3947: clang -o conftest -I.    conftest.c -ldl   >&5
configure:3947: $? = 0
configure:3957: result: yes
configure:3967: checking for math.h
configure:3967: clang -c -I.   conftest.c >&5
configure:3967: $? = 0
configure:3967: result: yes
configure:3974: checking for main in -lm
configure:3994: clang -o conftest -I.    conftest.c -lm   -ldl >&5
configure:3994: $? = 0
configure:4004: result: yes
configure:4012: checking for iconv.h
configure:4012: clang -c -I.   conftest.c >&5
configure:4012: $? = 0
configure:4012: result: yes
configure:4020: checking for pcre.h
configure:4020: clang -c -I.   conftest.c >&5
configure:4020: $? = 0
configure:4020: result: yes
configure:4027: checking for main in -lpcre
configure:4047: clang -o conftest -I.    conftest.c -lpcre   -ldl -lm >&5
configure:4047: $? = 0
configure:4057: result: yes
configure:4115: checking for ncurses.h
configure:4115: clang -c -I.   conftest.c >&5
configure:4115: $? = 0
configure:4115: result: yes
configure:4122: checking for main in -lncursesw
configure:4142: clang -o conftest -I.    conftest.c -lncursesw   -ldl -lm -lpcre >&5
configure:4142: $? = 0
configure:4152: result: yes
configure:4161: checking for readline/readline.h
configure:4161: clang -c -I.   conftest.c >&5
configure:4161: $? = 0
configure:4161: result: yes
configure:4168: checking for main in -lreadline
configure:4188: clang -o conftest -I.    conftest.c -lreadline   -ldl -lm -lpcre -lncursesw >&5
configure:4188: $? = 0
configure:4198: result: yes
configure:4207: checking for main in -lrt
configure:4227: clang -o conftest -I.    conftest.c -lrt   -ldl -lm -lpcre -lncursesw -lreadline >&5
configure:4227: $? = 0
configure:4237: result: yes
configure:4246: checking for pthread.h
configure:4246: clang -c -I.   conftest.c >&5
configure:4246: $? = 0
configure:4246: result: yes
configure:4253: checking for main in -lpthread
configure:4273: clang -o conftest -I.    conftest.c -lpthread   -ldl -lm -lpcre -lncursesw -lreadline -lrt >&5
configure:4273: $? = 0
configure:4283: result: yes
configure:4302: checking for lchmod
configure:4302: clang -o conftest -I.    conftest.c  -ldl -lm -lpcre -lncursesw -lreadline -lrt -lpthread >&5
configure:4302: $? = 0
configure:4302: result: yes
configure:4309: checking for execvpe
configure:4309: clang -o conftest -I.    conftest.c  -ldl -lm -lpcre -lncursesw -lreadline -lrt -lpthread >&5
configure:4309: $? = 0
configure:4309: result: yes
configure:4436: creating ./config.status

## ---------------------- ##
## Running config.status. ##
## ---------------------- ##

This file was extended by config.status, which was
generated by GNU Autoconf 2.71.  Invocation command line was

  CONFIG_FILES    = 
  CONFIG_HEADERS  = 
  CONFIG_LINKS    = 
  CONFIG_COMMANDS = 
  $ ./config.status 

on c0a6fdcbbd78

config.status:803: creating Makefile
config.status:803: creating config.h

## ---------------- ##
## Cache variables. ##
## ---------------- ##

ac_cv_c_bigendian='no'
ac_cv_c_compiler_gnu='yes'
ac_cv_env_CC_set=''
ac_cv_env_CC_value=''
ac_cv_env_CFLAGS_set=''
ac_cv_env_CFLAGS_value=''
ac_cv_env_CPPFLAGS_set=''
ac_cv_env_CPPFLAGS_value=''
ac_cv_env_LDFLAGS_set=''
ac_cv_env_LDFLAGS_value=''
ac_cv_env_LIBS_set=''
ac_cv_env_LIBS_value=''
ac_cv_env_build_alias_set=''
ac_cv_env_build_alias_value=''
ac_cv_env_host_alias_set=''
ac_cv_env_host_alias_value=''
ac_cv_env_target_alias_set=''
ac_cv_env_target_alias_value=''
ac_cv_func_execvpe='yes'
ac_cv_func_lchmod='yes'
ac_cv_header_iconv_h='yes'
ac_cv_header_inttypes_h='yes'
ac_cv_header_math_h='yes'
ac_cv_header_ncurses_h='yes'
ac_cv_header_pcre_h='yes'
ac_cv_header_pthread_h='yes'
ac_cv_header_readline_readline_h='yes'
ac_cv_header_stdint_h='yes'
ac_cv_header_stdio_h='yes'
ac_cv_header_stdlib_h='yes'
ac_cv_header_string_h='yes'
ac_cv_header_strings_h='yes'
ac_cv_header_sys_stat_h='yes'
ac_cv_header_sys_types_h='yes'
ac_cv_header_unistd_h='yes'
ac_cv_lib_dl='ac_cv_lib_dl_main'
ac_cv_lib_dl_main='yes'
ac_cv_lib_m='ac_cv_lib_m_main'
ac_cv_lib_m_main='yes'
ac_cv_lib_ncursesw='ac_cv_lib_ncursesw_main'
ac_cv_lib_ncursesw_main='yes'
ac_cv_lib_pcre='ac_cv_lib_pcre_main'
ac_cv_lib_pcre_main='yes'
ac_cv_lib_pthread='ac_cv_lib_pthread_main'
ac_cv_lib_pthread_main='yes'
ac_cv_lib_readline='ac_cv_lib_readline_main'
ac_cv_lib_readline_main='yes'
ac_cv_lib_rt='ac_cv_lib_rt_main'
ac_cv_lib_rt_main='yes'
ac_cv_objext='o'
ac_cv_path_install='/usr/bin/install -c'
ac_cv_prog_ac_ct_CC='gcc'
ac_cv_prog_cc_c11=''
ac_cv_prog_cc_g='yes'
ac_cv_prog_cc_stdc=''

## ----------------- ##
## Output variables. ##
## ----------------- ##

CC='clang'
CFLAGS='-I. '
CPPFLAGS=''
DEFS='-DHAVE_CONFIG_H'
DESTDIR='/usr/local'
ECHO_C=''
ECHO_N='-n'
ECHO_T=''
EXEEXT=''
INSTALL_DATA='${INSTALL} -m 644'
INSTALL_PROGRAM='${INSTALL}'
INSTALL_SCRIPT='${INSTALL}'
LDFLAGS=''
LIBOBJS=''
LIBS=' -ldl -lm -lpcre -lncursesw -lreadline -lrt -lpthread'
LTLIBOBJS=''
OBJEXT='o'
OS=''
PACKAGE_BUGREPORT=''
PACKAGE_NAME=''
PACKAGE_STRING=''
PACKAGE_TARNAME=''
PACKAGE_URL=''
PACKAGE_VERSION=''
PATH_SEPARATOR=':'
SHELL='/bin/sh'
ac_ct_CC='gcc'
bindir='${exec_prefix}/bin'
build_alias=''
datadir='${datarootdir}'
datarootdir='${prefix}/share'
docdir='${datarootdir}/doc/${PACKAGE}'
dvidir='${docdir}'
exec_prefix='${prefix}'
host_alias=''
htmldir='${docdir}'
includedir='${prefix}/include'
infodir='${datarootdir}/info'
libdir='${exec_prefix}/lib'
libexecdir='${exec_prefix}/libexec'
localedir='${datarootdir}/locale'
localstatedir='${prefix}/var'
mandir='${datarootdir}/man'
oldincludedir='/usr/include'
pdfdir='${docdir}'
prefix='/usr/local'
program_transform_name='s,x,x,'
psdir='${docdir}'
runstatedir='${localstatedir}/run'
sbindir='${exec_prefix}/sbin'
sharedstatedir='${prefix}/com'
sysconfdir='${prefix}/etc'
target_alias=''

## ----------- ##
## confdefs.h. ##
## ----------- ##

/* confdefs.h */
#define PACKAGE_NAME ""
#define PACKAGE_TARNAME ""
#define PACKAGE_VERSION ""
#define PACKAGE_STRING ""
#define PACKAGE_BUGREPORT ""
#define PACKAGE_URL ""
#define HAVE_STDIO_H 1
#define HAVE_STDLIB_H 1
#define HAVE_STRING_H 1
#define HAVE_INTTYPES_H 1
#define HAVE_STDINT_H 1
#define HAVE_STRINGS_H 1
#define HAVE_SYS_STAT_H 1
#define HAVE_SYS_TYPES_H 1
#define HAVE_UNISTD_H 1
#define STDC_HEADERS 1
#define __64BIT_CPU__ 1
#define HAVE_MATH_H 1
#define HAVE_ICONV_H 1
#define HAVE_PCRE_H 1
#define HAVE_NCURSESW_H 1
#define HAVE_READLINE_H 1
#define HAVE_PTHREAD_H 1
#define HAVE_LCHMOD 1
#define HAVE_EXECVPE 1

configure: exit 0
